{"level":"info","message":"Generated new auth token for Git-Monke","timestamp":"2023-11-25T04:50:30.836Z"}
{"label":"Info","level":"\u001b[32minfo\u001b[39m","message":"Generated new auth token for Git-Monke","timestamp":"2023-11-25T04:56:16.732Z"}
{"label":"Info","level":"\u001b[32minfo\u001b[39m","message":"Served luam v0.1.2 | 3 downloads","timestamp":"2023-11-25T05:09:59.092Z"}
{"label":"Info","level":"\u001b[32minfo\u001b[39m","message":"InvalidAuthKey","timestamp":"2023-11-25T05:10:05.631Z"}
{"label":"Info","level":"\u001b[33mwarn\u001b[39m","message":"Rejected POST /packages?authKey=OuUPS9ucx9RyqTLhZStM | InvalidAuthKey","timestamp":"2023-11-25T05:13:32.747Z"}
{"label":"Info","level":"\u001b[33mwarn\u001b[39m","message":"Rejected POST http://localhost:3000/packages?authKey=OuUPS9ucx9RyqTLhZStM | InvalidAuthKey","timestamp":"2023-11-25T05:13:56.341Z"}
{"label":"Info","level":"\u001b[33mwarn\u001b[39m","message":"Rejected POST http://localhost:3000 | InvalidAuthKey","timestamp":"2023-11-25T05:16:08.308Z"}
{"label":"Info","level":"\u001b[33mwarn\u001b[39m","message":"Rejected POST http://localhost:3000 | InvalidVersion","timestamp":"2023-11-25T05:16:28.411Z"}
{"label":"Info","level":"\u001b[32minfo\u001b[39m","message":"Fake-User created a new package: butt_package!","timestamp":"2023-11-25T05:18:17.265Z"}
{"label":"Info","level":"\u001b[32minfo\u001b[39m","message":"butt_package v0.1.1 added to registry","timestamp":"2023-11-25T05:18:17.269Z"}
{"label":"Info","level":"\u001b[33mwarn\u001b[39m","message":"Rejected POST http://localhost:3000 | InvalidVersion","timestamp":"2023-11-25T05:18:31.026Z"}
{"label":"Info","level":"\u001b[33mwarn\u001b[39m","message":"Rejected POST http://localhost:3000 | InvalidVersion","timestamp":"2023-11-25T05:18:57.345Z"}
{"label":"Info","level":"\u001b[32minfo\u001b[39m","message":"info","timestamp":"2023-11-25T05:19:10.918Z"}
{"label":"Info","level":"\u001b[32minfo\u001b[39m","message":"butt_package v0.1.2 added to registry","timestamp":"2023-11-25T05:19:10.920Z"}
{"label":"Info","level":"\u001b[32minfo\u001b[39m","message":"butt_package updated to v0.1.3","timestamp":"2023-11-25T05:19:45.658Z"}
{"label":"Info","level":"\u001b[32minfo\u001b[39m","message":"butt_package v0.1.3 added to registry","timestamp":"2023-11-25T05:19:45.660Z"}
{"level":"\u001b[33mwarn\u001b[39m","message":"Rejected POST http://localhost:3000 | InvalidVersion","timestamp":"2023-11-25T05:20:50.059Z"}
{"level":"\u001b[33mwarn\u001b[39m","message":"Rejected POST http://localhost:3000 | InvalidVersion","timestamp":"2023-11-25T05:21:28.520Z"}
{"level":"\u001b[32minfo\u001b[39m","message":"Served luam v0.1.2 | 4 downloads","timestamp":"2023-11-25T05:22:10.252Z"}
{"level":"\u001b[33mwarn\u001b[39m","message":"Rejected GET http://localhost:3000 | VersionNotFound","timestamp":"2023-11-25T05:22:20.832Z"}
{"level":"\u001b[33mwarn\u001b[39m","message":"Rejected POST /packages?authKey=******************** | InvalidVersion","timestamp":"2023-11-25T05:26:36.564Z"}
{"level":"\u001b[33mwarn\u001b[39m","message":"Rejected GET /packages?name=luam&version=0.1.0 | VersionNotFound","timestamp":"2023-11-25T05:26:49.989Z"}
{"level":"\u001b[32minfo\u001b[39m","message":"Served luam v0.1.2 | 5 downloads","timestamp":"2023-11-25T05:26:55.033Z"}
{"level":"\u001b[33mwarn\u001b[39m","message":"Rejected GET /packages?name=luam&version=0.1.1 | VersionNotFound","timestamp":"2023-11-25T05:27:00.171Z"}
{"level":"\u001b[33mwarn\u001b[39m","message":"Rejected GET /packages?name=luam&version=0.1.3 | VersionNotFound","timestamp":"2023-11-25T05:27:04.857Z"}
{"level":"\u001b[32minfo\u001b[39m","message":"Served luam v0.1.2 | 6 downloads","timestamp":"2023-11-25T05:27:07.534Z"}
{"level":"\u001b[33mwarn\u001b[39m","message":"Rejected POST /packages?authKey=******************** | InvalidVersion","timestamp":"2023-11-25T05:29:05.322Z"}
{"level":"\u001b[32minfo\u001b[39m","message":"Served luam v0.1.2 | 7 downloads","timestamp":"2023-11-25T06:07:58.612Z"}
{"level":"\u001b[33mwarn\u001b[39m","message":"Rejected GET /packages/luam?version=0.1.0 | VersionNotFound","timestamp":"2023-11-25T06:08:10.883Z"}
{"level":"\u001b[33mwarn\u001b[39m","message":"Rejected POST /packages | InvalidVersion","timestamp":"2023-11-25T06:08:19.722Z"}
{"level":"\u001b[32minfo\u001b[39m","message":"Generated new auth token for Git-Monke","timestamp":"2023-11-25T06:08:29.450Z"}
{"level":"\u001b[33mwarn\u001b[39m","message":"Rejected POST /packages | InvalidAuthKey","timestamp":"2023-11-25T06:08:41.663Z"}
{"level":"\u001b[33mwarn\u001b[39m","message":"Rejected POST /packages | NameTaken","timestamp":"2023-11-25T06:08:45.753Z"}
{"level":"\u001b[33mwarn\u001b[39m","message":"Rejected GET /packages/luam?version=0.1.1 | VersionNotFound","timestamp":"2023-11-25T06:08:56.847Z"}
{"level":"\u001b[32minfo\u001b[39m","message":"Served luam v0.1.2 | 8 downloads","timestamp":"2023-11-25T06:08:59.647Z"}
{"level":"\u001b[31merror\u001b[39m","timestamp":"2023-11-25T06:35:36.094Z"}
{"level":"\u001b[31merror\u001b[39m","timestamp":"2023-11-25T06:36:21.142Z"}
{"level":"\u001b[31merror\u001b[39m","message":"TypeError: Assignment to constant variable.\nTypeError: Assignment to constant variable.\n    at yank (/Users/jacob/luam-backend/src/controllers/package/setYankStatus.js:45:13)\n    at processTicksAndRejections (node:internal/process/task_queues:96:5)\n    at async bodyParser (/Users/jacob/luam-backend/node_modules/koa-bodyparser/index.js:78:5)\n    at async handleError (/Users/jacob/luam-backend/src/middleware/errorhandling/index.js:8:5)","timestamp":"2023-11-25T06:37:40.683Z"}
{"level":"\u001b[33mwarn\u001b[39m","message":"Rejected POST /packages/butt_package/yank | NotPackageAuthor","timestamp":"2023-11-25T06:40:23.772Z"}
{"level":"\u001b[33mwarn\u001b[39m","message":"Rejected POST /packages/butt_package/yank?version=0.1.1 | NoAuthKey","timestamp":"2023-11-25T06:41:25.992Z"}
{"level":"\u001b[33mwarn\u001b[39m","message":"Rejected POST /packages/butt_package/yank?version=0.1.1 | InvalidAuthKey","timestamp":"2023-11-25T06:41:32.979Z"}
{"level":"\u001b[33mwarn\u001b[39m","message":"Rejected POST /packages/butt_package/yank?version=0.1.5 | VersionDidntExist","timestamp":"2023-11-25T06:41:42.766Z"}
{"level":"\u001b[32minfo\u001b[39m","message":"Unyanked butt_package v0.1.1","timestamp":"2023-11-25T06:43:39.736Z"}
{"level":"\u001b[32minfo\u001b[39m","message":"Yanked butt_package v0.1.1","timestamp":"2023-11-25T06:43:45.958Z"}
{"level":"\u001b[33mwarn\u001b[39m","message":"Rejected POST /packages/butt_package/yank?version=0.1.0 | VersionDidntExist","timestamp":"2023-11-25T06:44:07.522Z"}
{"level":"\u001b[32minfo\u001b[39m","message":"Yanked butt_package v0.1.1","timestamp":"2023-11-25T06:44:16.312Z"}
{"level":"\u001b[33mwarn\u001b[39m","message":"Rejected POST /packages/butt_package/yank?version=0.1.1 | InvalidAuthKey","timestamp":"2023-11-25T06:44:20.782Z"}
{"level":"\u001b[32minfo\u001b[39m","message":"Yanked butt_package v0.1.1","timestamp":"2023-11-25T06:44:26.623Z"}
{"level":"\u001b[33mwarn\u001b[39m","message":"Rejected POST /packages/butt_package/unyank | NotPackageAuthor","timestamp":"2023-11-25T16:07:44.673Z"}
{"level":"\u001b[32minfo\u001b[39m","message":"Unyanked butt_package v0.1.3","timestamp":"2023-11-25T16:07:52.620Z"}
{"level":"\u001b[33mwarn\u001b[39m","message":"Rejected POST /packages | InvalidVersion","timestamp":"2023-11-25T16:23:23.807Z"}
{"level":"\u001b[33mwarn\u001b[39m","message":"Rejected POST /packages | InvalidAuthKey","timestamp":"2023-11-25T16:23:37.683Z"}
{"level":"\u001b[33mwarn\u001b[39m","message":"Rejected POST /packages | NameTaken","timestamp":"2023-11-25T16:23:41.303Z"}
{"level":"\u001b[32minfo\u001b[39m","message":"luam updated to v0.1.3","timestamp":"2023-11-25T16:23:45.568Z"}
{"level":"\u001b[32minfo\u001b[39m","message":"luam v0.1.3 added to registry","timestamp":"2023-11-25T16:23:45.576Z"}
{"level":"\u001b[33mwarn\u001b[39m","message":"Rejected GET /packages/luam?version=0.1.1 | VersionNotFound","timestamp":"2023-11-25T16:24:12.787Z"}
{"level":"\u001b[32minfo\u001b[39m","message":"Served luam v0.1.2 | 9 downloads","timestamp":"2023-11-25T16:24:17.372Z"}
{"level":"\u001b[32minfo\u001b[39m","message":"Served luam v0.1.3 | 10 downloads","timestamp":"2023-11-25T16:24:22.919Z"}
{"level":"\u001b[32minfo\u001b[39m","message":"Served luam v0.1.3 | 11 downloads","timestamp":"2023-11-25T16:24:26.258Z"}
{"level":"\u001b[32minfo\u001b[39m","message":"Served luam v0.1.3 | 12 downloads","timestamp":"2023-11-25T16:24:44.389Z"}
{"level":"\u001b[32minfo\u001b[39m","message":"Served luam v0.1.2 | 13 downloads","timestamp":"2023-11-25T16:24:59.859Z"}
{"level":"\u001b[32minfo\u001b[39m","message":"Served luam v0.1.3 | 14 downloads","timestamp":"2023-11-25T16:25:02.282Z"}
{"level":"\u001b[33mwarn\u001b[39m","message":"Rejected GET /packages/luam?version=0.1.1 | VersionNotFound","timestamp":"2023-11-25T16:25:09.746Z"}
{"level":"\u001b[32minfo\u001b[39m","message":"Served luam v0.1.2 | 15 downloads","timestamp":"2023-11-25T16:25:12.258Z"}
{"level":"\u001b[33mwarn\u001b[39m","message":"Rejected GET /packages/random?version=0.1.2 | PackageNotFound","timestamp":"2023-11-25T16:25:15.404Z"}
{"level":"\u001b[32minfo\u001b[39m","message":"Served butt_package v0.1.2 | 1 downloads","timestamp":"2023-11-25T16:25:20.424Z"}
{"level":"\u001b[32minfo\u001b[39m","message":"Served butt_package v0.1.3 | 2 downloads","timestamp":"2023-11-25T16:25:22.342Z"}
{"level":"\u001b[32minfo\u001b[39m","message":"Served butt_package v0.1.2 | 3 downloads","timestamp":"2023-11-25T16:25:26.531Z"}
{"level":"\u001b[32minfo\u001b[39m","message":"Served butt_package v0.1.1 | 4 downloads","timestamp":"2023-11-25T16:25:30.157Z"}
{"level":"\u001b[32minfo\u001b[39m","message":"Yanked butt_package v0.1.1","timestamp":"2023-11-25T16:31:46.572Z"}
{"level":"\u001b[32minfo\u001b[39m","message":"Unyanked butt_package v0.1.3","timestamp":"2023-11-25T16:31:56.204Z"}
{"level":"\u001b[32minfo\u001b[39m","message":"Unyanked butt_package v0.1.1","timestamp":"2023-11-25T16:32:22.384Z"}
